<?xml version="1.0" encoding="UTF-8"?>
<testsuite xmlns:xsi="http://www.w3.org/2001/XMLSchema-instance" xsi:noNamespaceSchemaLocation="https://maven.apache.org/surefire/maven-surefire-plugin/xsd/surefire-test-report-3.0.xsd" version="3.0" name="com.z.admin.ZAdminApplicationTests" time="8.27" tests="1" errors="0" skipped="0" failures="0">
  <properties>
[...]
</properties>
  <testcase name="contextLoads" classname="com.z.admin.ZAdminApplicationTests" time="0.772">
    <system-out><![CDATA[13:54:04.268 [main] INFO org.springframework.test.context.support.AnnotationConfigContextLoaderUtils -- Could not detect default configuration classes for test class [com.z.admin.ZAdminApplicationTests]: ZAdminApplicationTests does not declare any static, non-private, non-final, nested classes annotated with @Configuration.
13:54:04.345 [main] INFO org.springframework.boot.test.context.SpringBootTestContextBootstrapper -- Found @SpringBootConfiguration com.z.admin.ZAdminApplication for test class com.z.admin.ZAdminApplicationTests

  .   ____          _            __ _ _
 /\\ / ___'_ __ _ _(_)_ __  __ _ \ \ \ \
( ( )\___ | '_ | '_| | '_ \/ _` | \ \ \ \
 \\/  ___)| |_)| | | | | || (_| |  ) ) ) )
  '  |____| .__|_| |_|_| |_\__, | / / / /
 =========|_|==============|___/=/_/_/_/
&amp#27;[32m :: Spring Boot :: &amp#27;[39m              &amp#27;[2m (v3.1.0)&amp#27;[0;39m

&amp#27;[2m2023-12-14T13:54:04.666+08:00&amp#27;[0;39m &amp#27;[32m INFO&amp#27;[0;39m &amp#27;[35m11504&amp#27;[0;39m &amp#27;[2m---&amp#27;[0;39m &amp#27;[2m[           main]&amp#27;[0;39m &amp#27;[36mcom.z.admin.ZAdminApplicationTests      &amp#27;[0;39m &amp#27;[2m:&amp#27;[0;39m Starting ZAdminApplicationTests using Java 21.0.1 with PID 11504 (started by java in /Users/java/work/my/xx/z-damin)
&amp#27;[2m2023-12-14T13:54:04.667+08:00&amp#27;[0;39m &amp#27;[32m INFO&amp#27;[0;39m &amp#27;[35m11504&amp#27;[0;39m &amp#27;[2m---&amp#27;[0;39m &amp#27;[2m[           main]&amp#27;[0;39m &amp#27;[36mcom.z.admin.ZAdminApplicationTests      &amp#27;[0;39m &amp#27;[2m:&amp#27;[0;39m The following 1 profile is active: "dev"
Logging initialized using 'class org.apache.ibatis.logging.stdout.StdOutImpl' adapter.
Parsed mapper file: 'file [/Users/java/work/my/xx/z-damin/target/classes/mybatis/SystemUserMapper.xml]'
 _ _   |_  _ _|_. ___ _ |    _ 
| | |\/|_)(_| | |_\  |_)||_|_\ 
     /               |         
                        3.5.3.1 
&amp#27;[2m2023-12-14T13:54:11.178+08:00&amp#27;[0;39m &amp#27;[32m INFO&amp#27;[0;39m &amp#27;[35m11504&amp#27;[0;39m &amp#27;[2m---&amp#27;[0;39m &amp#27;[2m[           main]&amp#27;[0;39m &amp#27;[36mo.s.s.web.DefaultSecurityFilterChain    &amp#27;[0;39m &amp#27;[2m:&amp#27;[0;39m Will secure any request with [org.springframework.security.web.session.DisableEncodeUrlFilter@642c6461, org.springframework.security.web.context.request.async.WebAsyncManagerIntegrationFilter@3ace6346, org.springframework.security.web.context.SecurityContextHolderFilter@716f94c1, org.springframework.security.web.header.HeaderWriterFilter@760f1081, org.springframework.web.filter.CorsFilter@4e48462d, org.springframework.security.web.authentication.logout.LogoutFilter@9263c54, com.z.admin.filter.LoginFilter@17216605, org.springframework.security.web.savedrequest.RequestCacheAwareFilter@70091872, org.springframework.security.web.servletapi.SecurityContextHolderAwareRequestFilter@167a21b, org.springframework.security.web.authentication.AnonymousAuthenticationFilter@10a907ec, org.springframework.security.web.session.SessionManagementFilter@61a87366, org.springframework.security.web.access.ExceptionTranslationFilter@7f2b39a, org.springframework.security.web.access.intercept.AuthorizationFilter@7ac48f05]
&amp#27;[2m2023-12-14T13:54:11.629+08:00&amp#27;[0;39m &amp#27;[32m INFO&amp#27;[0;39m &amp#27;[35m11504&amp#27;[0;39m &amp#27;[2m---&amp#27;[0;39m &amp#27;[2m[           main]&amp#27;[0;39m &amp#27;[36mcom.z.admin.ZAdminApplicationTests      &amp#27;[0;39m &amp#27;[2m:&amp#27;[0;39m Started ZAdminApplicationTests in 7.185 seconds (process running for 7.983)
]]></system-out>
    <system-err><![CDATA[WARNING: A Java agent has been loaded dynamically (/Users/java/work/Repository/net/bytebuddy/byte-buddy-agent/1.14.4/byte-buddy-agent-1.14.4.jar)
WARNING: If a serviceability tool is in use, please run with -XX:+EnableDynamicAgentLoading to hide this warning
WARNING: If a serviceability tool is not in use, please run with -Djdk.instrument.traceUsage for more information
WARNING: Dynamic loading of agents will be disallowed by default in a future release
]]></system-err>
  </testcase>
</testsuite>